<?xml version="1.0" encoding="UTF-8" ?>
<testsuite tests="2" failures="0" name="com.bbva.mbnx.lib.rc03.MBNXRC03Test" time="1.91" errors="0" skipped="0">
  <properties>
    <property name="java.runtime.name" value="Java(TM) SE Runtime Environment"/>
    <property name="sun.boot.library.path" value="D:\IDE_APX_win64\IDE_APX_win64\tools\jdk-1.8\jre\bin"/>
    <property name="java.vm.version" value="25.91-b15"/>
    <property name="java.vm.vendor" value="Oracle Corporation"/>
    <property name="maven.multiModuleProjectDirectory" value="D:\IDE_APX_win64\IDE_APX_win64\workspace\MBNXRC03IMPL"/>
    <property name="java.vendor.url" value="http://java.oracle.com/"/>
    <property name="path.separator" value=";"/>
    <property name="guice.disable.misplaced.annotation.check" value="true"/>
    <property name="java.vm.name" value="Java HotSpot(TM) 64-Bit Server VM"/>
    <property name="file.encoding.pkg" value="sun.io"/>
    <property name="user.script" value=""/>
    <property name="user.country" value="MX"/>
    <property name="sun.java.launcher" value="SUN_STANDARD"/>
    <property name="sun.os.patch.level" value=""/>
    <property name="java.vm.specification.name" value="Java Virtual Machine Specification"/>
    <property name="user.dir" value="D:\IDE_APX_win64\IDE_APX_win64\workspace\MBNXRC03IMPL"/>
    <property name="java.runtime.version" value="1.8.0_91-b15"/>
    <property name="java.awt.graphicsenv" value="sun.awt.Win32GraphicsEnvironment"/>
    <property name="java.endorsed.dirs" value="D:\IDE_APX_win64\IDE_APX_win64\tools\jdk-1.8\jre\lib\endorsed"/>
    <property name="os.arch" value="amd64"/>
    <property name="java.io.tmpdir" value="C:\Users\mb91452\AppData\Local\Temp\1\"/>
    <property name="line.separator" value="
"/>
    <property name="java.vm.specification.vendor" value="Oracle Corporation"/>
    <property name="user.variant" value=""/>
    <property name="os.name" value="Windows 10"/>
    <property name="classworlds.conf" value="D:\IDE_APX_win64\IDE_APX_win64\workspace\.metadata\.plugins\org.eclipse.m2e.launching\launches\m2conf6168452633590497679.tmp"/>
    <property name="sun.jnu.encoding" value="Cp1252"/>
    <property name="java.library.path" value="D:\IDE_APX_win64\IDE_APX_win64\tools\jdk-1.8\bin;C:\windows\Sun\Java\bin;C:\windows\system32;C:\windows;D:/IDE_APX_win64/IDE_APX_win64/tools/jdk-1.8/jre/bin/server;D:/IDE_APX_win64/IDE_APX_win64/tools/jdk-1.8/jre/bin;D:/IDE_APX_win64/IDE_APX_win64/tools/jdk-1.8/jre/lib/amd64;D:\IDE_APX_win64\IDE_APX_win64\tools\jdk-1.8\bin;D:\IDE_APX_win64\IDE_APX_win64\tools\apache-maven-3.3.9\bin;D:\OracleBD\app\oracle\product\11.2.0\server\bin;C:\Program Files\Java\jdk-12.0.1\bin;C:\apache-maven-3.6.1\bin;C:\Program Files (x86)\Common Files\Oracle\Java\javapath;C:\Program Files (x86)\RSA SecurID Token Common;C:\Program Files\RSA SecurID Token Common;C:\windows\system32;C:\windows;C:\windows\System32\Wbem;C:\windows\System32\WindowsPowerShell\v1.0\;C:\windows\System32\OpenSSH\;C:\Program Files\Intel\WiFi\bin\;C:\Program Files\Common Files\Intel\WirelessCommon\;D:\gcp;D:\gcp\fga-cli;C:\Program Files\Docker\Docker\resources\bin;C:\ProgramData\DockerDesktop\version-bin;D:\Program Files (x86)\Python39;D:\apx-cli-1.3.0-Windows-x86_64;C:\Program Files\PuTTY\;D:\Program Files (x86)\Scripts\;D:\Program Files (x86)\;&quot;C:\Users\mb91452\AppData\Local\Microsoft\WindowsApps;C:\apache-maven-3.6.1\bin;C:\Program Files\Java\jdk-12.0.1\bin;&quot;;C:\Users\mb91452\AppData\Local\Programs\Git\cmd;;D:\IDE_APX_win64\IDE_APX_win64\eclipse;;."/>
    <property name="java.specification.name" value="Java Platform API Specification"/>
    <property name="java.class.version" value="52.0"/>
    <property name="sun.management.compiler" value="HotSpot 64-Bit Tiered Compilers"/>
    <property name="os.version" value="10.0"/>
    <property name="user.home" value="C:\Users\mb91452"/>
    <property name="user.timezone" value="America/Mexico_City"/>
    <property name="java.awt.printerjob" value="sun.awt.windows.WPrinterJob"/>
    <property name="java.specification.version" value="1.8"/>
    <property name="file.encoding" value="Cp1252"/>
    <property name="user.name" value="MB91452"/>
    <property name="java.class.path" value="D:\IDE_APX_win64\IDE_APX_win64\eclipse\..\tools\apache-maven-3.3.9\boot\plexus-classworlds-2.5.2.jar"/>
    <property name="java.vm.specification.version" value="1.8"/>
    <property name="sun.arch.data.model" value="64"/>
    <property name="java.home" value="D:\IDE_APX_win64\IDE_APX_win64\tools\jdk-1.8\jre"/>
    <property name="sun.java.command" value="org.codehaus.plexus.classworlds.launcher.Launcher -B -gs D:\IDE_APX_win64\IDE_APX_win64\tools\apache-maven-3.3.9\conf\settings.xml -s D:\IDE_APX_win64\IDE_APX_win64\tools\apache-maven-3.3.9\conf\settings.xml install"/>
    <property name="java.specification.vendor" value="Oracle Corporation"/>
    <property name="user.language" value="es"/>
    <property name="awt.toolkit" value="sun.awt.windows.WToolkit"/>
    <property name="java.vm.info" value="mixed mode"/>
    <property name="java.version" value="1.8.0_91"/>
    <property name="java.ext.dirs" value="D:\IDE_APX_win64\IDE_APX_win64\tools\jdk-1.8\jre\lib\ext;C:\windows\Sun\Java\lib\ext"/>
    <property name="sun.boot.class.path" value="D:\IDE_APX_win64\IDE_APX_win64\tools\jdk-1.8\jre\lib\resources.jar;D:\IDE_APX_win64\IDE_APX_win64\tools\jdk-1.8\jre\lib\rt.jar;D:\IDE_APX_win64\IDE_APX_win64\tools\jdk-1.8\jre\lib\sunrsasign.jar;D:\IDE_APX_win64\IDE_APX_win64\tools\jdk-1.8\jre\lib\jsse.jar;D:\IDE_APX_win64\IDE_APX_win64\tools\jdk-1.8\jre\lib\jce.jar;D:\IDE_APX_win64\IDE_APX_win64\tools\jdk-1.8\jre\lib\charsets.jar;D:\IDE_APX_win64\IDE_APX_win64\tools\jdk-1.8\jre\lib\jfr.jar;D:\IDE_APX_win64\IDE_APX_win64\tools\jdk-1.8\jre\classes"/>
    <property name="java.vendor" value="Oracle Corporation"/>
    <property name="maven.home" value="D:\IDE_APX_win64\IDE_APX_win64\workspace\MBNXRC03IMPL\..\tools\apache-maven-3.3.9"/>
    <property name="file.separator" value="\"/>
    <property name="java.vendor.url.bug" value="http://bugreport.sun.com/bugreport/"/>
    <property name="sun.cpu.endian" value="little"/>
    <property name="sun.io.unicode.encoding" value="UnicodeLittle"/>
    <property name="sun.desktop" value="windows"/>
    <property name="sun.cpu.isalist" value="amd64"/>
  </properties>
  <testcase classname="com.bbva.mbnx.lib.rc03.MBNXRC03Test" name="executeUnlockSuccessTest" time="1.905"/>
  <testcase classname="com.bbva.mbnx.lib.rc03.MBNXRC03Test" name="executeUnlockFailureTest" time="0.005"/>
</testsuite>